Using pre-set license
Built from '2020.3/staging' branch; Version is '2020.3.5f1 (8095aa901b9b) revision 8426922'; Using compiler version '192528614'; Build Type 'Release'
OS: 'Windows 10 Pro; OS build 19041.804; Version 2004; 64bit' Language: 'en' Physical Memory: 8087 MB
BatchMode: 1, IsHumanControllingUs: 0, StartBugReporterOnCrash: 0, Is64bit: 1, IsPro: 0

 COMMAND LINE ARGUMENTS:
E:\Unity instal\2020.3.5f1\Editor\Unity.exe
-adb2
-batchMode
-noUpm
-name
AssetImportWorker0
-projectPath
D:/CT SPINE1/CT SPINE1
-logFile
Logs/AssetImportWorker0.log
-srvPort
61319
Successfully changed project path to: D:/CT SPINE1/CT SPINE1
D:/CT SPINE1/CT SPINE1
Using Asset Import Pipeline V2.
Refreshing native plugins compatible for Editor in 97.02 ms, found 0 plugins.
Preloading 0 native plugins for Editor in 0.00 ms.
Initialize engine version: 2020.3.5f1 (8095aa901b9b)
[Subsystems] Discovering subsystems at path E:/Unity instal/2020.3.5f1/Editor/Data/Resources/UnitySubsystems
[Subsystems] Discovering subsystems at path D:/CT SPINE1/CT SPINE1/Assets
GfxDevice: creating device client; threaded=0
Direct3D:
    Version:  Direct3D 11.0 [level 11.1]
    Renderer: NVIDIA GeForce GT 1030 (ID=0x1d01)
    Vendor:   
    VRAM:     1982 MB
    Driver:   27.21.14.5671
Initialize mono
Mono path[0] = 'E:/Unity instal/2020.3.5f1/Editor/Data/Managed'
Mono path[1] = 'E:/Unity instal/2020.3.5f1/Editor/Data/MonoBleedingEdge/lib/mono/unityjit'
Mono config path = 'E:/Unity instal/2020.3.5f1/Editor/Data/MonoBleedingEdge/etc'
Using monoOptions --debugger-agent=transport=dt_socket,embedding=1,server=y,suspend=n,address=127.0.0.1:56876
Begin MonoManager ReloadAssembly
Registering precompiled unity dll's ...
Register platform support module: E:/Unity instal/2020.3.5f1/Editor/Data/PlaybackEngines/WindowsStandaloneSupport/UnityEditor.WindowsStandalone.Extensions.dll
Registered in 0.014983 seconds.
Native extension for WindowsStandalone target not found
Refreshing native plugins compatible for Editor in 180.49 ms, found 0 plugins.
Preloading 0 native plugins for Editor in 0.00 ms.
Mono: successfully reloaded assembly
- Completed reload, in  9.465 seconds
Platform modules already initialized, skipping
Registering precompiled user dll's ...
Registered in 0.009645 seconds.
Begin MonoManager ReloadAssembly
Native extension for WindowsStandalone target not found
Refreshing native plugins compatible for Editor in 0.49 ms, found 0 plugins.
Preloading 0 native plugins for Editor in 0.00 ms.
Mono: successfully reloaded assembly
- Completed reload, in  5.070 seconds
Platform modules already initialized, skipping
========================================================================
Worker process is ready to serve import requests
Launched and connected shader compiler UnityShaderCompiler.exe after 0.34 seconds
Refreshing native plugins compatible for Editor in 0.74 ms, found 0 plugins.
Preloading 0 native plugins for Editor in 0.00 ms.
Unloading 1119 Unused Serialized files (Serialized files now loaded: 0)
System memory in use before: 77.0 MB.
System memory in use after: 77.1 MB.

Unloading 8 unused Assets to reduce memory usage. Loaded Objects now: 1586.
Total: 4.865000 ms (FindLiveObjects: 0.158400 ms CreateObjectMapping: 0.065000 ms MarkObjects: 4.610900 ms  DeleteObjects: 0.028300 ms)

========================================================================
Received Import Request.
  path: Assets/L-SPINE_CLINICAL_LIBRARIES_20160517_134252_477000
  artifactKey: Guid(6f0cd8058dd6cb14bba613e9f0dec7f8) Importer(815301076,1909f56bfc062723c751e8b465ee728b)
Start importing Assets/L-SPINE_CLINICAL_LIBRARIES_20160517_134252_477000 using Guid(6f0cd8058dd6cb14bba613e9f0dec7f8) Importer(815301076,1909f56bfc062723c751e8b465ee728b)  -> (artifact id: 'c9a1bb4011c88103e51a5ee74cbd4f15') in 0.037402 seconds
  Import took 0.104844 seconds .

========================================================================
Received Import Request.
  Time since last request: 326.038129 seconds.
  path: Assets/Scenes/gambar2.unity
  artifactKey: Guid(9acec144b45a15c4abc20417dc787b74) Importer(815301076,1909f56bfc062723c751e8b465ee728b)
Start importing Assets/Scenes/gambar2.unity using Guid(9acec144b45a15c4abc20417dc787b74) Importer(815301076,1909f56bfc062723c751e8b465ee728b)  -> (artifact id: '297a746ffcad96c777430c1bd01789e3') in 0.044093 seconds
  Import took 0.081465 seconds .

========================================================================
Received Import Request.
  Time since last request: 33.918136 seconds.
  path: Assets/Scenes/MainMenu.unity
  artifactKey: Guid(c3069adb528602e42b4f5785a29bc18d) Importer(815301076,1909f56bfc062723c751e8b465ee728b)
Start importing Assets/Scenes/MainMenu.unity using Guid(c3069adb528602e42b4f5785a29bc18d) Importer(815301076,1909f56bfc062723c751e8b465ee728b)  -> (artifact id: '189a10add04c38af79aed3d8e8f07955') in 0.027659 seconds
  Import took 0.060994 seconds .

AssetImportWorkerClient::OnTransportError - code=2 error=End of file
